Loading checkpoint shards:   0%|          | 0/3 [00:00<?, ?it/s]Loading checkpoint shards:  33%|███▎      | 1/3 [00:00<00:00,  5.26it/s]Loading checkpoint shards:  67%|██████▋   | 2/3 [00:00<00:00,  5.43it/s]Loading checkpoint shards: 100%|██████████| 3/3 [00:00<00:00,  5.76it/s]Loading checkpoint shards: 100%|██████████| 3/3 [00:00<00:00,  5.64it/s]
2025-03-03 15:43:41,322 - INFO - --- Starting Experiment: New minimum search width 1 ---
2025-03-03 15:43:41,584 - ERROR - Error during seed 1: 'LlavaProcessor' object has no attribute 'vocab_size'
2025-03-03 15:43:41,584 - INFO - Seed=1 -> Loss=nan, Time=0.00s
2025-03-03 15:43:41,809 - ERROR - Error during seed 2: 'LlavaProcessor' object has no attribute 'vocab_size'
2025-03-03 15:43:41,809 - INFO - Seed=2 -> Loss=nan, Time=0.00s
2025-03-03 15:43:42,002 - ERROR - Error during seed 3: 'LlavaProcessor' object has no attribute 'vocab_size'
2025-03-03 15:43:42,002 - INFO - Seed=3 -> Loss=nan, Time=0.00s
2025-03-03 15:43:42,181 - ERROR - Error during seed 4: 'LlavaProcessor' object has no attribute 'vocab_size'
2025-03-03 15:43:42,181 - INFO - Seed=4 -> Loss=nan, Time=0.00s
2025-03-03 15:43:42,356 - ERROR - Error during seed 5: 'LlavaProcessor' object has no attribute 'vocab_size'
2025-03-03 15:43:42,356 - INFO - Seed=5 -> Loss=nan, Time=0.00s
2025-03-03 15:43:42,524 - ERROR - Error during seed 6: 'LlavaProcessor' object has no attribute 'vocab_size'
2025-03-03 15:43:42,525 - INFO - Seed=6 -> Loss=nan, Time=0.00s
2025-03-03 15:43:42,672 - ERROR - Error during seed 7: 'LlavaProcessor' object has no attribute 'vocab_size'
2025-03-03 15:43:42,672 - INFO - Seed=7 -> Loss=nan, Time=0.00s
2025-03-03 15:43:42,812 - ERROR - Error during seed 8: 'LlavaProcessor' object has no attribute 'vocab_size'
2025-03-03 15:43:42,812 - INFO - Seed=8 -> Loss=nan, Time=0.00s
2025-03-03 15:43:42,936 - ERROR - Error during seed 9: 'LlavaProcessor' object has no attribute 'vocab_size'
2025-03-03 15:43:42,936 - INFO - Seed=9 -> Loss=nan, Time=0.00s
2025-03-03 15:43:43,046 - ERROR - Error during seed 10: 'LlavaProcessor' object has no attribute 'vocab_size'
2025-03-03 15:43:43,046 - INFO - Seed=10 -> Loss=nan, Time=0.00s
2025-03-03 15:43:43,046 - INFO - --- Summary for New minimum search width 1 ---
2025-03-03 15:43:43,046 - INFO - Detailed results per seed:
2025-03-03 15:43:43,046 - INFO - Seed: 1, Loss: nan, Time: 0.00s
2025-03-03 15:43:43,046 - INFO - Seed: 2, Loss: nan, Time: 0.00s
2025-03-03 15:43:43,046 - INFO - Seed: 3, Loss: nan, Time: 0.00s
2025-03-03 15:43:43,046 - INFO - Seed: 4, Loss: nan, Time: 0.00s
2025-03-03 15:43:43,046 - INFO - Seed: 5, Loss: nan, Time: 0.00s
2025-03-03 15:43:43,046 - INFO - Seed: 6, Loss: nan, Time: 0.00s
2025-03-03 15:43:43,046 - INFO - Seed: 7, Loss: nan, Time: 0.00s
2025-03-03 15:43:43,046 - INFO - Seed: 8, Loss: nan, Time: 0.00s
2025-03-03 15:43:43,046 - INFO - Seed: 9, Loss: nan, Time: 0.00s
2025-03-03 15:43:43,046 - INFO - Seed: 10, Loss: nan, Time: 0.00s
2025-03-03 15:43:43,046 - INFO - Average Loss: nan
2025-03-03 15:43:43,046 - INFO - Average Time: 0.00s
2025-03-03 15:43:43,047 - INFO - ==================================================
